---------- Date: 2019-11-02 09:26:13 ~ IP : ::1 ----------
REQUEST URI : /oc/upload/
VQMod::_getMods - NO XML FILES READABLE IN XML FOLDER
----------------------------------------------------------------------


---------- Date: 2019-11-02 09:26:23 ~ IP : ::1 ----------
REQUEST URI : /oc/upload/admin/
VQMod::_getMods - NO XML FILES READABLE IN XML FOLDER
----------------------------------------------------------------------


---------- Date: 2019-11-02 09:26:25 ~ IP : ::1 ----------
REQUEST URI : /oc/upload/admin/index.php?route=common/login
VQMod::_getMods - NO XML FILES READABLE IN XML FOLDER
----------------------------------------------------------------------


---------- Date: 2019-11-02 09:26:25 ~ IP : ::1 ----------
REQUEST URI : /oc/upload/admin/index.php?route=common/dashboard&token=58b16e2ff6bf0bb257ba9400be38fff6
VQMod::_getMods - NO XML FILES READABLE IN XML FOLDER
----------------------------------------------------------------------


---------- Date: 2019-11-02 09:26:25 ~ IP : ::1 ----------
REQUEST URI : /oc/upload/admin/index.php?route=dashboard/chart/chart&token=58b16e2ff6bf0bb257ba9400be38fff6&range=month
VQMod::_getMods - NO XML FILES READABLE IN XML FOLDER
----------------------------------------------------------------------


---------- Date: 2019-11-02 09:26:25 ~ IP : ::1 ----------
REQUEST URI : /oc/upload/admin/index.php?route=dashboard/map/map&token=58b16e2ff6bf0bb257ba9400be38fff6
VQMod::_getMods - NO XML FILES READABLE IN XML FOLDER
----------------------------------------------------------------------


---------- Date: 2019-11-02 09:27:44 ~ IP : ::1 ----------
REQUEST URI : /oc/upload/admin/index.php?route=common/dashboard&token=58b16e2ff6bf0bb257ba9400be38fff6
VQMod::_getMods - NO XML FILES READABLE IN XML FOLDER
----------------------------------------------------------------------


---------- Date: 2019-11-02 09:27:44 ~ IP : ::1 ----------
REQUEST URI : /oc/upload/admin/index.php?route=dashboard/chart/chart&token=58b16e2ff6bf0bb257ba9400be38fff6&range=month
VQMod::_getMods - NO XML FILES READABLE IN XML FOLDER
----------------------------------------------------------------------


---------- Date: 2019-11-02 09:27:44 ~ IP : ::1 ----------
REQUEST URI : /oc/upload/admin/index.php?route=dashboard/map/map&token=58b16e2ff6bf0bb257ba9400be38fff6
VQMod::_getMods - NO XML FILES READABLE IN XML FOLDER
----------------------------------------------------------------------


---------- Date: 2019-11-02 09:28:36 ~ IP : ::1 ----------
REQUEST URI : /oc/upload/admin/index.php?route=extension/module&token=58b16e2ff6bf0bb257ba9400be38fff6
VQMod::_getMods - NO XML FILES READABLE IN XML FOLDER
----------------------------------------------------------------------


